<?xml version="1.0" encoding="UTF-8"?>
<!-- Generated by org.testng.reporters.JUnitXMLReporter -->
<testsuite ignored="0" hostname="de-adn-3y9w7w1" failures="16" tests="73" name="Command line test" time="140.638" errors="0" timestamp="2020-05-05T01:03:47 MESZ">
  <testcase classname="tests.book.CreateBookTest" name="CreateBookWithAuthorAndTitle" time="8.538"/>
  <testcase classname="tests.book.CreateBookTest" name="CreateBookWithGenre" time="3.113"/>
  <testcase classname="tests.book.CreateBookTest" name="CreateBookWithIsbn" time="3.109"/>
  <testcase classname="tests.book.CreateBookTest" name="CreateBookWithKeywords" time="3.125"/>
  <testcase classname="tests.book.CreateBookTest" name="CreateBookWithLanguages" time="3.106"/>
  <testcase classname="tests.book.CreateBookTest" name="CreateBookWithPages" time="3.106"/>
  <testcase classname="tests.book.CreateBookTest" name="CreateBookWithPublisher" time="3.139"/>
  <testcase classname="tests.book.CreateBookTest" name="CreateBookWithPublishingContent" time="3.138"/>
  <testcase classname="tests.book.CreateBookTest" name="CreateBookWithPublishingYear" time="3.111"/>
  <testcase classname="tests.book.CreateBookTest" name="assertStatusCode" time="0.037"/>
  <testcase classname="tests.book.CreateBookTest" name="assertStatusCodeOnBookWithoutAuthor" time="0.057"/>
  <testcase classname="tests.book.CreateBookTest" name="assertStatusCodeOnBookWithoutTitle" time="0.011"/>
  <testcase classname="tests.book.CreateBookTest" name="assertStatusCodeOnInvalidIsbn" time="0.011"/>
  <testcase classname="tests.book.DeleteBookTest" name="assertDeleteAsAdmin" time="0.041"/>
  <testcase classname="tests.book.DeleteBookTest" name="assertDeleteAsModerator" time="0.061"/>
  <testcase classname="tests.book.DeleteBookTest" name="assertDeleteAsUser" time="3.108"/>
  <testcase classname="tests.book.DeleteBookTest" name="assertNoExistingBook" time="0.022"/>
  <testcase classname="tests.book.DeleteBookTest" name="assertStatusCode" time="0.038"/>
  <testcase classname="tests.book.GetBooksTest" name="assertLengthOfList" time="0.067"/>
  <testcase classname="tests.book.GetBooksTest" name="assertSchema" time="0.552"/>
  <testcase classname="tests.book.GetBooksTest" name="assertStatusCode" time="0.012"/>
  <testcase classname="tests.book.GetBookTest" name="assertAudiobookOffersAffiliateLink" time="3.111">
    <failure type="java.lang.AssertionError" message="1 expectation failed.
JSON path audiobookOffers.affiliateLink doesn&amp;apos;t match.
Expected: (a collection containing &amp;quot;www.Buchladen123.de/978-3608939811?media=audiobook&amp;amp;affiliate=bookreviewer&amp;quot; and a collection containing &amp;quot;www.buch-verkauf24.de/bookreviewer/978-3608939811&amp;quot; and a collection containing &amp;quot;www.your-favorite-book-vendor.com/bookreviewer/978-3608939811&amp;quot;)
  Actual: []
">
      <![CDATA[java.lang.AssertionError: 1 expectation failed.
JSON path audiobookOffers.affiliateLink doesn't match.
Expected: (a collection containing "www.Buchladen123.de/978-3608939811?media=audiobook&affiliate=bookreviewer" and a collection containing "www.buch-verkauf24.de/bookreviewer/978-3608939811" and a collection containing "www.your-favorite-book-vendor.com/bookreviewer/978-3608939811")
  Actual: []

at org.codehaus.groovy.runtime.callsite.ConstructorSite$ConstructorSiteNoUnwrap.callConstructor(ConstructorSite.java:84)
at org.codehaus.groovy.runtime.callsite.CallSiteArray.defaultCallConstructor(CallSiteArray.java:59)
at org.codehaus.groovy.runtime.callsite.AbstractCallSite.callConstructor(AbstractCallSite.java:263)
at org.codehaus.groovy.runtime.callsite.AbstractCallSite.callConstructor(AbstractCallSite.java:277)
at io.restassured.internal.ResponseSpecificationImpl$HamcrestAssertionClosure.validate(ResponseSpecificationImpl.groovy:493)
at io.restassured.internal.ResponseSpecificationImpl$HamcrestAssertionClosure$validate$1.call(Unknown Source)
at io.restassured.internal.ResponseSpecificationImpl.validateResponseIfRequired(ResponseSpecificationImpl.groovy:674)
at org.codehaus.groovy.runtime.callsite.PlainObjectMetaMethodSite.doInvoke(PlainObjectMetaMethodSite.java:43)
at org.codehaus.groovy.runtime.callsite.PogoMetaMethodSite$PogoCachedMethodSiteNoUnwrapNoCoerce.invoke(PogoMetaMethodSite.java:193)
at org.codehaus.groovy.runtime.callsite.PogoMetaMethodSite.callCurrent(PogoMetaMethodSite.java:61)
at org.codehaus.groovy.runtime.callsite.AbstractCallSite.callCurrent(AbstractCallSite.java:185)
at io.restassured.internal.ResponseSpecificationImpl.body(ResponseSpecificationImpl.groovy:261)
at io.restassured.specification.ResponseSpecification$body$1.callCurrent(Unknown Source)
at org.codehaus.groovy.runtime.callsite.CallSiteArray.defaultCallCurrent(CallSiteArray.java:51)
at io.restassured.specification.ResponseSpecification$body$1.callCurrent(Unknown Source)
at io.restassured.internal.ResponseSpecificationImpl.body(ResponseSpecificationImpl.groovy:108)
at io.restassured.internal.ValidatableResponseOptionsImpl.body(ValidatableResponseOptionsImpl.java:244)
at io.restassured.internal.ValidatableResponseImpl.super$2$body(ValidatableResponseImpl.groovy)
at groovy.lang.MetaMethod.doMethodInvoke(MetaMethod.java:323)
at groovy.lang.MetaClassImpl.invokeMethod(MetaClassImpl.java:1262)
at org.codehaus.groovy.runtime.ScriptBytecodeAdapter.invokeMethodOnSuperN(ScriptBytecodeAdapter.java:144)
at io.restassured.internal.ValidatableResponseImpl.body(ValidatableResponseImpl.groovy:298)
at io.restassured.internal.ValidatableResponseImpl.body(ValidatableResponseImpl.groovy)
at tests.book.GetBookTest.assertAudiobookOffersAffiliateLink(GetBookTest.java:260)
at java.base/java.util.ArrayList.forEach(ArrayList.java:1380)
... Removed 51 stack frames]]>
    </failure>
  </testcase> <!-- assertAudiobookOffersAffiliateLink -->
  <testcase classname="tests.book.GetBookTest" name="assertAudiobookOffersMediaType" time="3.084">
    <failure type="java.lang.AssertionError" message="1 expectation failed.
JSON path audiobookOffers.mediaType doesn&amp;apos;t match.
Expected: (a collection containing &amp;quot;AUDIOBOOK&amp;quot; and a collection containing &amp;quot;AUDIOBOOK&amp;quot; and a collection containing &amp;quot;AUDIOBOOK&amp;quot;)
  Actual: []
">
      <![CDATA[java.lang.AssertionError: 1 expectation failed.
JSON path audiobookOffers.mediaType doesn't match.
Expected: (a collection containing "AUDIOBOOK" and a collection containing "AUDIOBOOK" and a collection containing "AUDIOBOOK")
  Actual: []

at org.codehaus.groovy.runtime.callsite.ConstructorSite$ConstructorSiteNoUnwrap.callConstructor(ConstructorSite.java:84)
at org.codehaus.groovy.runtime.callsite.AbstractCallSite.callConstructor(AbstractCallSite.java:277)
at io.restassured.internal.ResponseSpecificationImpl$HamcrestAssertionClosure.validate(ResponseSpecificationImpl.groovy:493)
at io.restassured.internal.ResponseSpecificationImpl$HamcrestAssertionClosure$validate$1.call(Unknown Source)
at io.restassured.internal.ResponseSpecificationImpl.validateResponseIfRequired(ResponseSpecificationImpl.groovy:674)
at org.codehaus.groovy.runtime.callsite.PlainObjectMetaMethodSite.doInvoke(PlainObjectMetaMethodSite.java:43)
at org.codehaus.groovy.runtime.callsite.PogoMetaMethodSite$PogoCachedMethodSiteNoUnwrapNoCoerce.invoke(PogoMetaMethodSite.java:193)
at org.codehaus.groovy.runtime.callsite.PogoMetaMethodSite.callCurrent(PogoMetaMethodSite.java:61)
at org.codehaus.groovy.runtime.callsite.AbstractCallSite.callCurrent(AbstractCallSite.java:185)
at io.restassured.internal.ResponseSpecificationImpl.body(ResponseSpecificationImpl.groovy:261)
at io.restassured.specification.ResponseSpecification$body$1.callCurrent(Unknown Source)
at io.restassured.internal.ResponseSpecificationImpl.body(ResponseSpecificationImpl.groovy:108)
at io.restassured.internal.ValidatableResponseOptionsImpl.body(ValidatableResponseOptionsImpl.java:244)
at io.restassured.internal.ValidatableResponseImpl.super$2$body(ValidatableResponseImpl.groovy)
at groovy.lang.MetaMethod.doMethodInvoke(MetaMethod.java:323)
at groovy.lang.MetaClassImpl.invokeMethod(MetaClassImpl.java:1262)
at org.codehaus.groovy.runtime.ScriptBytecodeAdapter.invokeMethodOnSuperN(ScriptBytecodeAdapter.java:144)
at io.restassured.internal.ValidatableResponseImpl.body(ValidatableResponseImpl.groovy:298)
at io.restassured.internal.ValidatableResponseImpl.body(ValidatableResponseImpl.groovy)
at tests.book.GetBookTest.assertAudiobookOffersMediaType(GetBookTest.java:270)
at java.base/java.util.ArrayList.forEach(ArrayList.java:1380)
... Removed 51 stack frames]]>
    </failure>
  </testcase> <!-- assertAudiobookOffersMediaType -->
  <testcase classname="tests.book.GetBookTest" name="assertAudiobookOffersPrices" time="3.056">
    <failure type="java.lang.AssertionError" message="1 expectation failed.
JSON path audiobookOffers.price doesn&amp;apos;t match.
Expected: (a collection containing &amp;lt;9.99F&amp;gt; and a collection containing &amp;lt;9.99F&amp;gt; and a collection containing &amp;lt;13.99F&amp;gt;)
  Actual: []
">
      <![CDATA[java.lang.AssertionError: 1 expectation failed.
JSON path audiobookOffers.price doesn't match.
Expected: (a collection containing <9.99F> and a collection containing <9.99F> and a collection containing <13.99F>)
  Actual: []

at org.codehaus.groovy.runtime.callsite.ConstructorSite$ConstructorSiteNoUnwrap.callConstructor(ConstructorSite.java:84)
at org.codehaus.groovy.runtime.callsite.AbstractCallSite.callConstructor(AbstractCallSite.java:277)
at io.restassured.internal.ResponseSpecificationImpl$HamcrestAssertionClosure.validate(ResponseSpecificationImpl.groovy:493)
at io.restassured.internal.ResponseSpecificationImpl$HamcrestAssertionClosure$validate$1.call(Unknown Source)
at io.restassured.internal.ResponseSpecificationImpl.validateResponseIfRequired(ResponseSpecificationImpl.groovy:674)
at org.codehaus.groovy.runtime.callsite.PlainObjectMetaMethodSite.doInvoke(PlainObjectMetaMethodSite.java:43)
at org.codehaus.groovy.runtime.callsite.PogoMetaMethodSite$PogoCachedMethodSiteNoUnwrapNoCoerce.invoke(PogoMetaMethodSite.java:193)
at org.codehaus.groovy.runtime.callsite.PogoMetaMethodSite.callCurrent(PogoMetaMethodSite.java:61)
at org.codehaus.groovy.runtime.callsite.AbstractCallSite.callCurrent(AbstractCallSite.java:185)
at io.restassured.internal.ResponseSpecificationImpl.body(ResponseSpecificationImpl.groovy:261)
at io.restassured.specification.ResponseSpecification$body$1.callCurrent(Unknown Source)
at io.restassured.internal.ResponseSpecificationImpl.body(ResponseSpecificationImpl.groovy:108)
at io.restassured.internal.ValidatableResponseOptionsImpl.body(ValidatableResponseOptionsImpl.java:244)
at io.restassured.internal.ValidatableResponseImpl.super$2$body(ValidatableResponseImpl.groovy)
at groovy.lang.MetaMethod.doMethodInvoke(MetaMethod.java:323)
at groovy.lang.MetaClassImpl.invokeMethod(MetaClassImpl.java:1262)
at org.codehaus.groovy.runtime.ScriptBytecodeAdapter.invokeMethodOnSuperN(ScriptBytecodeAdapter.java:144)
at io.restassured.internal.ValidatableResponseImpl.body(ValidatableResponseImpl.groovy:298)
at io.restassured.internal.ValidatableResponseImpl.body(ValidatableResponseImpl.groovy)
at tests.book.GetBookTest.assertAudiobookOffersPrices(GetBookTest.java:244)
at java.base/java.util.ArrayList.forEach(ArrayList.java:1380)
... Removed 51 stack frames]]>
    </failure>
  </testcase> <!-- assertAudiobookOffersPrices -->
  <testcase classname="tests.book.GetBookTest" name="assertAudiobookOffersVendor" time="3.06">
    <failure type="java.lang.AssertionError" message="1 expectation failed.
JSON path audiobookOffers.vendor doesn&amp;apos;t match.
Expected: (a collection containing &amp;quot;Buchladen123.de&amp;quot; and a collection containing &amp;quot;Buchverkauf 24&amp;quot; and a collection containing &amp;quot;Your favorite book vendor&amp;quot;)
  Actual: []
">
      <![CDATA[java.lang.AssertionError: 1 expectation failed.
JSON path audiobookOffers.vendor doesn't match.
Expected: (a collection containing "Buchladen123.de" and a collection containing "Buchverkauf 24" and a collection containing "Your favorite book vendor")
  Actual: []

at org.codehaus.groovy.runtime.callsite.ConstructorSite$ConstructorSiteNoUnwrap.callConstructor(ConstructorSite.java:84)
at org.codehaus.groovy.runtime.callsite.AbstractCallSite.callConstructor(AbstractCallSite.java:277)
at io.restassured.internal.ResponseSpecificationImpl$HamcrestAssertionClosure.validate(ResponseSpecificationImpl.groovy:493)
at io.restassured.internal.ResponseSpecificationImpl$HamcrestAssertionClosure$validate$1.call(Unknown Source)
at io.restassured.internal.ResponseSpecificationImpl.validateResponseIfRequired(ResponseSpecificationImpl.groovy:674)
at org.codehaus.groovy.runtime.callsite.PlainObjectMetaMethodSite.doInvoke(PlainObjectMetaMethodSite.java:43)
at org.codehaus.groovy.runtime.callsite.PogoMetaMethodSite$PogoCachedMethodSiteNoUnwrapNoCoerce.invoke(PogoMetaMethodSite.java:193)
at org.codehaus.groovy.runtime.callsite.PogoMetaMethodSite.callCurrent(PogoMetaMethodSite.java:61)
at org.codehaus.groovy.runtime.callsite.AbstractCallSite.callCurrent(AbstractCallSite.java:185)
at io.restassured.internal.ResponseSpecificationImpl.body(ResponseSpecificationImpl.groovy:261)
at io.restassured.specification.ResponseSpecification$body$1.callCurrent(Unknown Source)
at io.restassured.internal.ResponseSpecificationImpl.body(ResponseSpecificationImpl.groovy:108)
at io.restassured.internal.ValidatableResponseOptionsImpl.body(ValidatableResponseOptionsImpl.java:244)
at io.restassured.internal.ValidatableResponseImpl.super$2$body(ValidatableResponseImpl.groovy)
at groovy.lang.MetaMethod.doMethodInvoke(MetaMethod.java:323)
at groovy.lang.MetaClassImpl.invokeMethod(MetaClassImpl.java:1262)
at org.codehaus.groovy.runtime.ScriptBytecodeAdapter.invokeMethodOnSuperN(ScriptBytecodeAdapter.java:144)
at io.restassured.internal.ValidatableResponseImpl.body(ValidatableResponseImpl.groovy:298)
at io.restassured.internal.ValidatableResponseImpl.body(ValidatableResponseImpl.groovy)
at tests.book.GetBookTest.assertAudiobookOffersVendor(GetBookTest.java:252)
at java.base/java.util.ArrayList.forEach(ArrayList.java:1380)
... Removed 51 stack frames]]>
    </failure>
  </testcase> <!-- assertAudiobookOffersVendor -->
  <testcase classname="tests.book.GetBookTest" name="assertAuthor" time="3.073"/>
  <testcase classname="tests.book.GetBookTest" name="assertAverageRating" time="3.062"/>
  <testcase classname="tests.book.GetBookTest" name="assertContent" time="3.066"/>
  <testcase classname="tests.book.GetBookTest" name="assertEbookOffersAffiliateLink" time="3.076">
    <failure type="java.lang.AssertionError" message="1 expectation failed.
JSON path ebookOffers.affiliateLink doesn&amp;apos;t match.
Expected: (a collection containing &amp;quot;www.Buchladen123.de/978-3608939811?media=ebook&amp;amp;affiliate=bookreviewer&amp;quot; and a collection containing &amp;quot;www.buch-verkauf24.de/bookreviewer/978-3608939811&amp;quot; and a collection containing &amp;quot;www.your-favorite-book-vendor.com/bookreviewer/978-3608939811&amp;quot;)
  Actual: []
">
      <![CDATA[java.lang.AssertionError: 1 expectation failed.
JSON path ebookOffers.affiliateLink doesn't match.
Expected: (a collection containing "www.Buchladen123.de/978-3608939811?media=ebook&affiliate=bookreviewer" and a collection containing "www.buch-verkauf24.de/bookreviewer/978-3608939811" and a collection containing "www.your-favorite-book-vendor.com/bookreviewer/978-3608939811")
  Actual: []

at org.codehaus.groovy.runtime.callsite.ConstructorSite$ConstructorSiteNoUnwrap.callConstructor(ConstructorSite.java:84)
at org.codehaus.groovy.runtime.callsite.AbstractCallSite.callConstructor(AbstractCallSite.java:277)
at io.restassured.internal.ResponseSpecificationImpl$HamcrestAssertionClosure.validate(ResponseSpecificationImpl.groovy:493)
at io.restassured.internal.ResponseSpecificationImpl$HamcrestAssertionClosure$validate$1.call(Unknown Source)
at io.restassured.internal.ResponseSpecificationImpl.validateResponseIfRequired(ResponseSpecificationImpl.groovy:674)
at org.codehaus.groovy.runtime.callsite.PlainObjectMetaMethodSite.doInvoke(PlainObjectMetaMethodSite.java:43)
at org.codehaus.groovy.runtime.callsite.PogoMetaMethodSite$PogoCachedMethodSiteNoUnwrapNoCoerce.invoke(PogoMetaMethodSite.java:193)
at org.codehaus.groovy.runtime.callsite.PogoMetaMethodSite.callCurrent(PogoMetaMethodSite.java:61)
at org.codehaus.groovy.runtime.callsite.AbstractCallSite.callCurrent(AbstractCallSite.java:185)
at io.restassured.internal.ResponseSpecificationImpl.body(ResponseSpecificationImpl.groovy:261)
at io.restassured.specification.ResponseSpecification$body$1.callCurrent(Unknown Source)
at org.codehaus.groovy.runtime.callsite.CallSiteArray.defaultCallCurrent(CallSiteArray.java:51)
at io.restassured.specification.ResponseSpecification$body$1.callCurrent(Unknown Source)
at io.restassured.internal.ResponseSpecificationImpl.body(ResponseSpecificationImpl.groovy:108)
at io.restassured.internal.ValidatableResponseOptionsImpl.body(ValidatableResponseOptionsImpl.java:244)
at io.restassured.internal.ValidatableResponseImpl.super$2$body(ValidatableResponseImpl.groovy)
at groovy.lang.MetaMethod.doMethodInvoke(MetaMethod.java:323)
at groovy.lang.MetaClassImpl.invokeMethod(MetaClassImpl.java:1262)
at org.codehaus.groovy.runtime.ScriptBytecodeAdapter.invokeMethodOnSuperN(ScriptBytecodeAdapter.java:144)
at io.restassured.internal.ValidatableResponseImpl.body(ValidatableResponseImpl.groovy:298)
at io.restassured.internal.ValidatableResponseImpl.body(ValidatableResponseImpl.groovy)
at tests.book.GetBookTest.assertEbookOffersAffiliateLink(GetBookTest.java:226)
at java.base/java.util.ArrayList.forEach(ArrayList.java:1380)
... Removed 50 stack frames]]>
    </failure>
  </testcase> <!-- assertEbookOffersAffiliateLink -->
  <testcase classname="tests.book.GetBookTest" name="assertEbookOffersPrices" time="3.07">
    <failure type="java.lang.AssertionError" message="1 expectation failed.
JSON path ebookOffers.price doesn&amp;apos;t match.
Expected: (a collection containing &amp;lt;10.99F&amp;gt; and a collection containing &amp;lt;10.99F&amp;gt; and a collection containing &amp;lt;13.99F&amp;gt;)
  Actual: []
">
      <![CDATA[java.lang.AssertionError: 1 expectation failed.
JSON path ebookOffers.price doesn't match.
Expected: (a collection containing <10.99F> and a collection containing <10.99F> and a collection containing <13.99F>)
  Actual: []

at org.codehaus.groovy.runtime.callsite.ConstructorSite$ConstructorSiteNoUnwrap.callConstructor(ConstructorSite.java:84)
at org.codehaus.groovy.runtime.callsite.AbstractCallSite.callConstructor(AbstractCallSite.java:277)
at io.restassured.internal.ResponseSpecificationImpl$HamcrestAssertionClosure.validate(ResponseSpecificationImpl.groovy:493)
at io.restassured.internal.ResponseSpecificationImpl$HamcrestAssertionClosure$validate$1.call(Unknown Source)
at io.restassured.internal.ResponseSpecificationImpl.validateResponseIfRequired(ResponseSpecificationImpl.groovy:674)
at org.codehaus.groovy.runtime.callsite.PlainObjectMetaMethodSite.doInvoke(PlainObjectMetaMethodSite.java:43)
at org.codehaus.groovy.runtime.callsite.PogoMetaMethodSite$PogoCachedMethodSiteNoUnwrapNoCoerce.invoke(PogoMetaMethodSite.java:193)
at org.codehaus.groovy.runtime.callsite.PogoMetaMethodSite.callCurrent(PogoMetaMethodSite.java:61)
at org.codehaus.groovy.runtime.callsite.AbstractCallSite.callCurrent(AbstractCallSite.java:185)
at io.restassured.internal.ResponseSpecificationImpl.body(ResponseSpecificationImpl.groovy:261)
at io.restassured.specification.ResponseSpecification$body$1.callCurrent(Unknown Source)
at io.restassured.internal.ResponseSpecificationImpl.body(ResponseSpecificationImpl.groovy:108)
at io.restassured.internal.ValidatableResponseOptionsImpl.body(ValidatableResponseOptionsImpl.java:244)
at io.restassured.internal.ValidatableResponseImpl.super$2$body(ValidatableResponseImpl.groovy)
at groovy.lang.MetaMethod.doMethodInvoke(MetaMethod.java:323)
at groovy.lang.MetaClassImpl.invokeMethod(MetaClassImpl.java:1262)
at org.codehaus.groovy.runtime.ScriptBytecodeAdapter.invokeMethodOnSuperN(ScriptBytecodeAdapter.java:144)
at io.restassured.internal.ValidatableResponseImpl.body(ValidatableResponseImpl.groovy:298)
at io.restassured.internal.ValidatableResponseImpl.body(ValidatableResponseImpl.groovy)
at tests.book.GetBookTest.assertEbookOffersPrices(GetBookTest.java:210)
at java.base/java.util.ArrayList.forEach(ArrayList.java:1380)
... Removed 50 stack frames]]>
    </failure>
  </testcase> <!-- assertEbookOffersPrices -->
  <testcase classname="tests.book.GetBookTest" name="assertEbookOffersVendor" time="3.077">
    <failure type="java.lang.AssertionError" message="1 expectation failed.
JSON path ebookOffers.vendor doesn&amp;apos;t match.
Expected: (a collection containing &amp;quot;Buchladen123.de&amp;quot; and a collection containing &amp;quot;Buchverkauf 24&amp;quot; and a collection containing &amp;quot;Your favorite book vendor&amp;quot;)
  Actual: []
">
      <![CDATA[java.lang.AssertionError: 1 expectation failed.
JSON path ebookOffers.vendor doesn't match.
Expected: (a collection containing "Buchladen123.de" and a collection containing "Buchverkauf 24" and a collection containing "Your favorite book vendor")
  Actual: []

at org.codehaus.groovy.runtime.callsite.ConstructorSite$ConstructorSiteNoUnwrap.callConstructor(ConstructorSite.java:84)
at org.codehaus.groovy.runtime.callsite.AbstractCallSite.callConstructor(AbstractCallSite.java:277)
at io.restassured.internal.ResponseSpecificationImpl$HamcrestAssertionClosure.validate(ResponseSpecificationImpl.groovy:493)
at io.restassured.internal.ResponseSpecificationImpl$HamcrestAssertionClosure$validate$1.call(Unknown Source)
at io.restassured.internal.ResponseSpecificationImpl.validateResponseIfRequired(ResponseSpecificationImpl.groovy:674)
at org.codehaus.groovy.runtime.callsite.PlainObjectMetaMethodSite.doInvoke(PlainObjectMetaMethodSite.java:43)
at org.codehaus.groovy.runtime.callsite.PogoMetaMethodSite$PogoCachedMethodSiteNoUnwrapNoCoerce.invoke(PogoMetaMethodSite.java:193)
at org.codehaus.groovy.runtime.callsite.PogoMetaMethodSite.callCurrent(PogoMetaMethodSite.java:61)
at org.codehaus.groovy.runtime.callsite.AbstractCallSite.callCurrent(AbstractCallSite.java:185)
at io.restassured.internal.ResponseSpecificationImpl.body(ResponseSpecificationImpl.groovy:261)
at io.restassured.specification.ResponseSpecification$body$1.callCurrent(Unknown Source)
at io.restassured.internal.ResponseSpecificationImpl.body(ResponseSpecificationImpl.groovy:108)
at io.restassured.internal.ValidatableResponseOptionsImpl.body(ValidatableResponseOptionsImpl.java:244)
at io.restassured.internal.ValidatableResponseImpl.super$2$body(ValidatableResponseImpl.groovy)
at groovy.lang.MetaMethod.doMethodInvoke(MetaMethod.java:323)
at groovy.lang.MetaClassImpl.invokeMethod(MetaClassImpl.java:1262)
at org.codehaus.groovy.runtime.ScriptBytecodeAdapter.invokeMethodOnSuperN(ScriptBytecodeAdapter.java:144)
at io.restassured.internal.ValidatableResponseImpl.body(ValidatableResponseImpl.groovy:298)
at io.restassured.internal.ValidatableResponseImpl.body(ValidatableResponseImpl.groovy)
at tests.book.GetBookTest.assertEbookOffersVendor(GetBookTest.java:218)
at java.base/java.util.ArrayList.forEach(ArrayList.java:1380)
... Removed 50 stack frames]]>
    </failure>
  </testcase> <!-- assertEbookOffersVendor -->
  <testcase classname="tests.book.GetBookTest" name="assertGenre" time="3.039"/>
  <testcase classname="tests.book.GetBookTest" name="assertHardcoverOffersAffiliateLink" time="3.059">
    <failure type="java.lang.AssertionError" message="1 expectation failed.
JSON path hardcoverOffers.affiliateLink doesn&amp;apos;t match.
Expected: (a collection containing &amp;quot;www.Buchladen123.de/978-3608939811?media=hardcover&amp;amp;affiliate=bookreviewer&amp;quot; and a collection containing &amp;quot;www.buch-verkauf24.de/bookreviewer/978-3608939811&amp;quot; and a collection containing &amp;quot;www.your-favorite-book-vendor.com/bookreviewer/978-3608939811&amp;quot;)
  Actual: []
">
      <![CDATA[java.lang.AssertionError: 1 expectation failed.
JSON path hardcoverOffers.affiliateLink doesn't match.
Expected: (a collection containing "www.Buchladen123.de/978-3608939811?media=hardcover&affiliate=bookreviewer" and a collection containing "www.buch-verkauf24.de/bookreviewer/978-3608939811" and a collection containing "www.your-favorite-book-vendor.com/bookreviewer/978-3608939811")
  Actual: []

at org.codehaus.groovy.runtime.callsite.ConstructorSite$ConstructorSiteNoUnwrap.callConstructor(ConstructorSite.java:84)
at org.codehaus.groovy.runtime.callsite.AbstractCallSite.callConstructor(AbstractCallSite.java:277)
at io.restassured.internal.ResponseSpecificationImpl$HamcrestAssertionClosure.validate(ResponseSpecificationImpl.groovy:493)
at io.restassured.internal.ResponseSpecificationImpl$HamcrestAssertionClosure$validate$1.call(Unknown Source)
at io.restassured.internal.ResponseSpecificationImpl.validateResponseIfRequired(ResponseSpecificationImpl.groovy:674)
at org.codehaus.groovy.runtime.callsite.PlainObjectMetaMethodSite.doInvoke(PlainObjectMetaMethodSite.java:43)
at org.codehaus.groovy.runtime.callsite.PogoMetaMethodSite$PogoCachedMethodSiteNoUnwrapNoCoerce.invoke(PogoMetaMethodSite.java:193)
at org.codehaus.groovy.runtime.callsite.PogoMetaMethodSite.callCurrent(PogoMetaMethodSite.java:61)
at org.codehaus.groovy.runtime.callsite.AbstractCallSite.callCurrent(AbstractCallSite.java:185)
at io.restassured.internal.ResponseSpecificationImpl.body(ResponseSpecificationImpl.groovy:261)
at io.restassured.specification.ResponseSpecification$body$1.callCurrent(Unknown Source)
at org.codehaus.groovy.runtime.callsite.CallSiteArray.defaultCallCurrent(CallSiteArray.java:51)
at io.restassured.specification.ResponseSpecification$body$1.callCurrent(Unknown Source)
at io.restassured.internal.ResponseSpecificationImpl.body(ResponseSpecificationImpl.groovy:108)
at io.restassured.internal.ValidatableResponseOptionsImpl.body(ValidatableResponseOptionsImpl.java:244)
at io.restassured.internal.ValidatableResponseImpl.super$2$body(ValidatableResponseImpl.groovy)
at groovy.lang.MetaMethod.doMethodInvoke(MetaMethod.java:323)
at groovy.lang.MetaClassImpl.invokeMethod(MetaClassImpl.java:1262)
at org.codehaus.groovy.runtime.ScriptBytecodeAdapter.invokeMethodOnSuperN(ScriptBytecodeAdapter.java:144)
at io.restassured.internal.ValidatableResponseImpl.body(ValidatableResponseImpl.groovy:298)
at io.restassured.internal.ValidatableResponseImpl.body(ValidatableResponseImpl.groovy)
at tests.book.GetBookTest.assertHardcoverOffersAffiliateLink(GetBookTest.java:158)
at java.base/java.util.ArrayList.forEach(ArrayList.java:1380)
... Removed 50 stack frames]]>
    </failure>
  </testcase> <!-- assertHardcoverOffersAffiliateLink -->
  <testcase classname="tests.book.GetBookTest" name="assertHardcoverOffersMediaType" time="3.065">
    <failure type="java.lang.AssertionError" message="1 expectation failed.
JSON path hardcoverOffers.mediaType doesn&amp;apos;t match.
Expected: (a collection containing &amp;quot;HARDCOVER&amp;quot; and a collection containing &amp;quot;HARDCOVER&amp;quot; and a collection containing &amp;quot;HARDCOVER&amp;quot;)
  Actual: []
">
      <![CDATA[java.lang.AssertionError: 1 expectation failed.
JSON path hardcoverOffers.mediaType doesn't match.
Expected: (a collection containing "HARDCOVER" and a collection containing "HARDCOVER" and a collection containing "HARDCOVER")
  Actual: []

at org.codehaus.groovy.runtime.callsite.ConstructorSite$ConstructorSiteNoUnwrap.callConstructor(ConstructorSite.java:84)
at org.codehaus.groovy.runtime.callsite.AbstractCallSite.callConstructor(AbstractCallSite.java:277)
at io.restassured.internal.ResponseSpecificationImpl$HamcrestAssertionClosure.validate(ResponseSpecificationImpl.groovy:493)
at io.restassured.internal.ResponseSpecificationImpl$HamcrestAssertionClosure$validate$1.call(Unknown Source)
at io.restassured.internal.ResponseSpecificationImpl.validateResponseIfRequired(ResponseSpecificationImpl.groovy:674)
at org.codehaus.groovy.runtime.callsite.PlainObjectMetaMethodSite.doInvoke(PlainObjectMetaMethodSite.java:43)
at org.codehaus.groovy.runtime.callsite.PogoMetaMethodSite$PogoCachedMethodSiteNoUnwrapNoCoerce.invoke(PogoMetaMethodSite.java:193)
at org.codehaus.groovy.runtime.callsite.PogoMetaMethodSite.callCurrent(PogoMetaMethodSite.java:61)
at org.codehaus.groovy.runtime.callsite.AbstractCallSite.callCurrent(AbstractCallSite.java:185)
at io.restassured.internal.ResponseSpecificationImpl.body(ResponseSpecificationImpl.groovy:261)
at io.restassured.specification.ResponseSpecification$body$1.callCurrent(Unknown Source)
at io.restassured.internal.ResponseSpecificationImpl.body(ResponseSpecificationImpl.groovy:108)
at io.restassured.internal.ValidatableResponseOptionsImpl.body(ValidatableResponseOptionsImpl.java:244)
at io.restassured.internal.ValidatableResponseImpl.super$2$body(ValidatableResponseImpl.groovy)
at groovy.lang.MetaMethod.doMethodInvoke(MetaMethod.java:323)
at groovy.lang.MetaClassImpl.invokeMethod(MetaClassImpl.java:1262)
at org.codehaus.groovy.runtime.ScriptBytecodeAdapter.invokeMethodOnSuperN(ScriptBytecodeAdapter.java:144)
at io.restassured.internal.ValidatableResponseImpl.body(ValidatableResponseImpl.groovy:298)
at io.restassured.internal.ValidatableResponseImpl.body(ValidatableResponseImpl.groovy)
at tests.book.GetBookTest.assertHardcoverOffersMediaType(GetBookTest.java:168)
at java.base/java.util.ArrayList.forEach(ArrayList.java:1380)
... Removed 50 stack frames]]>
    </failure>
  </testcase> <!-- assertHardcoverOffersMediaType -->
  <testcase classname="tests.book.GetBookTest" name="assertHardcoverOffersPrices" time="3.055">
    <failure type="java.lang.AssertionError" message="1 expectation failed.
JSON path hardcoverOffers.price doesn&amp;apos;t match.
Expected: (a collection containing &amp;lt;17.99F&amp;gt; and a collection containing &amp;lt;17.98F&amp;gt; and a collection containing &amp;lt;19.99F&amp;gt;)
  Actual: []
">
      <![CDATA[java.lang.AssertionError: 1 expectation failed.
JSON path hardcoverOffers.price doesn't match.
Expected: (a collection containing <17.99F> and a collection containing <17.98F> and a collection containing <19.99F>)
  Actual: []

at org.codehaus.groovy.runtime.callsite.ConstructorSite$ConstructorSiteNoUnwrap.callConstructor(ConstructorSite.java:84)
at org.codehaus.groovy.runtime.callsite.AbstractCallSite.callConstructor(AbstractCallSite.java:277)
at io.restassured.internal.ResponseSpecificationImpl$HamcrestAssertionClosure.validate(ResponseSpecificationImpl.groovy:493)
at io.restassured.internal.ResponseSpecificationImpl$HamcrestAssertionClosure$validate$1.call(Unknown Source)
at io.restassured.internal.ResponseSpecificationImpl.validateResponseIfRequired(ResponseSpecificationImpl.groovy:674)
at org.codehaus.groovy.runtime.callsite.PlainObjectMetaMethodSite.doInvoke(PlainObjectMetaMethodSite.java:43)
at org.codehaus.groovy.runtime.callsite.PogoMetaMethodSite$PogoCachedMethodSiteNoUnwrapNoCoerce.invoke(PogoMetaMethodSite.java:193)
at org.codehaus.groovy.runtime.callsite.PogoMetaMethodSite.callCurrent(PogoMetaMethodSite.java:61)
at org.codehaus.groovy.runtime.callsite.AbstractCallSite.callCurrent(AbstractCallSite.java:185)
at io.restassured.internal.ResponseSpecificationImpl.body(ResponseSpecificationImpl.groovy:261)
at io.restassured.specification.ResponseSpecification$body$1.callCurrent(Unknown Source)
at io.restassured.internal.ResponseSpecificationImpl.body(ResponseSpecificationImpl.groovy:108)
at io.restassured.internal.ValidatableResponseOptionsImpl.body(ValidatableResponseOptionsImpl.java:244)
at io.restassured.internal.ValidatableResponseImpl.super$2$body(ValidatableResponseImpl.groovy)
at groovy.lang.MetaMethod.doMethodInvoke(MetaMethod.java:323)
at groovy.lang.MetaClassImpl.invokeMethod(MetaClassImpl.java:1262)
at org.codehaus.groovy.runtime.ScriptBytecodeAdapter.invokeMethodOnSuperN(ScriptBytecodeAdapter.java:144)
at io.restassured.internal.ValidatableResponseImpl.body(ValidatableResponseImpl.groovy:298)
at io.restassured.internal.ValidatableResponseImpl.body(ValidatableResponseImpl.groovy)
at tests.book.GetBookTest.assertHardcoverOffersPrices(GetBookTest.java:142)
at java.base/java.util.ArrayList.forEach(ArrayList.java:1380)
... Removed 50 stack frames]]>
    </failure>
  </testcase> <!-- assertHardcoverOffersPrices -->
  <testcase classname="tests.book.GetBookTest" name="assertHardcoverOffersVendor" time="3.061">
    <failure type="java.lang.AssertionError" message="1 expectation failed.
JSON path hardcoverOffers.vendor doesn&amp;apos;t match.
Expected: (a collection containing &amp;quot;Buchladen123.de&amp;quot; and a collection containing &amp;quot;Buchverkauf 24&amp;quot; and a collection containing &amp;quot;Your favorite book vendor&amp;quot;)
  Actual: []
">
      <![CDATA[java.lang.AssertionError: 1 expectation failed.
JSON path hardcoverOffers.vendor doesn't match.
Expected: (a collection containing "Buchladen123.de" and a collection containing "Buchverkauf 24" and a collection containing "Your favorite book vendor")
  Actual: []

at org.codehaus.groovy.runtime.callsite.ConstructorSite$ConstructorSiteNoUnwrap.callConstructor(ConstructorSite.java:84)
at org.codehaus.groovy.runtime.callsite.AbstractCallSite.callConstructor(AbstractCallSite.java:277)
at io.restassured.internal.ResponseSpecificationImpl$HamcrestAssertionClosure.validate(ResponseSpecificationImpl.groovy:493)
at io.restassured.internal.ResponseSpecificationImpl$HamcrestAssertionClosure$validate$1.call(Unknown Source)
at io.restassured.internal.ResponseSpecificationImpl.validateResponseIfRequired(ResponseSpecificationImpl.groovy:674)
at org.codehaus.groovy.runtime.callsite.PlainObjectMetaMethodSite.doInvoke(PlainObjectMetaMethodSite.java:43)
at org.codehaus.groovy.runtime.callsite.PogoMetaMethodSite$PogoCachedMethodSiteNoUnwrapNoCoerce.invoke(PogoMetaMethodSite.java:193)
at org.codehaus.groovy.runtime.callsite.PogoMetaMethodSite.callCurrent(PogoMetaMethodSite.java:61)
at org.codehaus.groovy.runtime.callsite.AbstractCallSite.callCurrent(AbstractCallSite.java:185)
at io.restassured.internal.ResponseSpecificationImpl.body(ResponseSpecificationImpl.groovy:261)
at io.restassured.specification.ResponseSpecification$body$1.callCurrent(Unknown Source)
at io.restassured.internal.ResponseSpecificationImpl.body(ResponseSpecificationImpl.groovy:108)
at io.restassured.internal.ValidatableResponseOptionsImpl.body(ValidatableResponseOptionsImpl.java:244)
at io.restassured.internal.ValidatableResponseImpl.super$2$body(ValidatableResponseImpl.groovy)
at groovy.lang.MetaMethod.doMethodInvoke(MetaMethod.java:323)
at groovy.lang.MetaClassImpl.invokeMethod(MetaClassImpl.java:1262)
at org.codehaus.groovy.runtime.ScriptBytecodeAdapter.invokeMethodOnSuperN(ScriptBytecodeAdapter.java:144)
at io.restassured.internal.ValidatableResponseImpl.body(ValidatableResponseImpl.groovy:298)
at io.restassured.internal.ValidatableResponseImpl.body(ValidatableResponseImpl.groovy)
at tests.book.GetBookTest.assertHardcoverOffersVendor(GetBookTest.java:150)
at java.base/java.util.ArrayList.forEach(ArrayList.java:1380)
... Removed 50 stack frames]]>
    </failure>
  </testcase> <!-- assertHardcoverOffersVendor -->
  <testcase classname="tests.book.GetBookTest" name="assertISBN" time="3.042"/>
  <testcase classname="tests.book.GetBookTest" name="assertKeywords" time="3.046"/>
  <testcase classname="tests.book.GetBookTest" name="assertLanguages" time="3.063"/>
  <testcase classname="tests.book.GetBookTest" name="assertPages" time="3.058"/>
  <testcase classname="tests.book.GetBookTest" name="assertPaperbackOffersAffiliateLink" time="3.055">
    <failure type="java.lang.AssertionError" message="1 expectation failed.
JSON path paperbackOffers.affiliateLink doesn&amp;apos;t match.
Expected: (a collection containing &amp;quot;www.Buchladen123.de/978-3608939811?media=paperback&amp;amp;affiliate=bookreviewer&amp;quot; and a collection containing &amp;quot;www.buch-verkauf24.de/bookreviewer/978-3608939811&amp;quot; and a collection containing &amp;quot;www.your-favorite-book-vendor.com/bookreviewer/978-3608939811&amp;quot;)
  Actual: []
">
      <![CDATA[java.lang.AssertionError: 1 expectation failed.
JSON path paperbackOffers.affiliateLink doesn't match.
Expected: (a collection containing "www.Buchladen123.de/978-3608939811?media=paperback&affiliate=bookreviewer" and a collection containing "www.buch-verkauf24.de/bookreviewer/978-3608939811" and a collection containing "www.your-favorite-book-vendor.com/bookreviewer/978-3608939811")
  Actual: []

at org.codehaus.groovy.runtime.callsite.ConstructorSite$ConstructorSiteNoUnwrap.callConstructor(ConstructorSite.java:84)
at org.codehaus.groovy.runtime.callsite.AbstractCallSite.callConstructor(AbstractCallSite.java:277)
at io.restassured.internal.ResponseSpecificationImpl$HamcrestAssertionClosure.validate(ResponseSpecificationImpl.groovy:493)
at io.restassured.internal.ResponseSpecificationImpl$HamcrestAssertionClosure$validate$1.call(Unknown Source)
at io.restassured.internal.ResponseSpecificationImpl.validateResponseIfRequired(ResponseSpecificationImpl.groovy:674)
at org.codehaus.groovy.runtime.callsite.PlainObjectMetaMethodSite.doInvoke(PlainObjectMetaMethodSite.java:43)
at org.codehaus.groovy.runtime.callsite.PogoMetaMethodSite$PogoCachedMethodSiteNoUnwrapNoCoerce.invoke(PogoMetaMethodSite.java:193)
at org.codehaus.groovy.runtime.callsite.PogoMetaMethodSite.callCurrent(PogoMetaMethodSite.java:61)
at org.codehaus.groovy.runtime.callsite.AbstractCallSite.callCurrent(AbstractCallSite.java:185)
at io.restassured.internal.ResponseSpecificationImpl.body(ResponseSpecificationImpl.groovy:261)
at io.restassured.specification.ResponseSpecification$body$1.callCurrent(Unknown Source)
at org.codehaus.groovy.runtime.callsite.CallSiteArray.defaultCallCurrent(CallSiteArray.java:51)
at io.restassured.specification.ResponseSpecification$body$1.callCurrent(Unknown Source)
at io.restassured.internal.ResponseSpecificationImpl.body(ResponseSpecificationImpl.groovy:108)
at io.restassured.internal.ValidatableResponseOptionsImpl.body(ValidatableResponseOptionsImpl.java:244)
at io.restassured.internal.ValidatableResponseImpl.super$2$body(ValidatableResponseImpl.groovy)
at groovy.lang.MetaMethod.doMethodInvoke(MetaMethod.java:323)
at groovy.lang.MetaClassImpl.invokeMethod(MetaClassImpl.java:1262)
at org.codehaus.groovy.runtime.ScriptBytecodeAdapter.invokeMethodOnSuperN(ScriptBytecodeAdapter.java:144)
at io.restassured.internal.ValidatableResponseImpl.body(ValidatableResponseImpl.groovy:298)
at io.restassured.internal.ValidatableResponseImpl.body(ValidatableResponseImpl.groovy)
at tests.book.GetBookTest.assertPaperbackOffersAffiliateLink(GetBookTest.java:192)
at java.base/java.util.ArrayList.forEach(ArrayList.java:1380)
... Removed 50 stack frames]]>
    </failure>
  </testcase> <!-- assertPaperbackOffersAffiliateLink -->
  <testcase classname="tests.book.GetBookTest" name="assertPaperbackOffersMediaType" time="3.062">
    <failure type="java.lang.AssertionError" message="1 expectation failed.
JSON path paperbackOffers.mediaType doesn&amp;apos;t match.
Expected: (a collection containing &amp;quot;PAPERBACK&amp;quot; and a collection containing &amp;quot;PAPERBACK&amp;quot; and a collection containing &amp;quot;PAPERBACK&amp;quot;)
  Actual: []
">
      <![CDATA[java.lang.AssertionError: 1 expectation failed.
JSON path paperbackOffers.mediaType doesn't match.
Expected: (a collection containing "PAPERBACK" and a collection containing "PAPERBACK" and a collection containing "PAPERBACK")
  Actual: []

at org.codehaus.groovy.runtime.callsite.ConstructorSite$ConstructorSiteNoUnwrap.callConstructor(ConstructorSite.java:84)
at org.codehaus.groovy.runtime.callsite.AbstractCallSite.callConstructor(AbstractCallSite.java:277)
at io.restassured.internal.ResponseSpecificationImpl$HamcrestAssertionClosure.validate(ResponseSpecificationImpl.groovy:493)
at io.restassured.internal.ResponseSpecificationImpl$HamcrestAssertionClosure$validate$1.call(Unknown Source)
at io.restassured.internal.ResponseSpecificationImpl.validateResponseIfRequired(ResponseSpecificationImpl.groovy:674)
at org.codehaus.groovy.runtime.callsite.PlainObjectMetaMethodSite.doInvoke(PlainObjectMetaMethodSite.java:43)
at org.codehaus.groovy.runtime.callsite.PogoMetaMethodSite$PogoCachedMethodSiteNoUnwrapNoCoerce.invoke(PogoMetaMethodSite.java:193)
at org.codehaus.groovy.runtime.callsite.PogoMetaMethodSite.callCurrent(PogoMetaMethodSite.java:61)
at org.codehaus.groovy.runtime.callsite.AbstractCallSite.callCurrent(AbstractCallSite.java:185)
at io.restassured.internal.ResponseSpecificationImpl.body(ResponseSpecificationImpl.groovy:261)
at io.restassured.specification.ResponseSpecification$body$1.callCurrent(Unknown Source)
at io.restassured.internal.ResponseSpecificationImpl.body(ResponseSpecificationImpl.groovy:108)
at io.restassured.internal.ValidatableResponseOptionsImpl.body(ValidatableResponseOptionsImpl.java:244)
at io.restassured.internal.ValidatableResponseImpl.super$2$body(ValidatableResponseImpl.groovy)
at groovy.lang.MetaMethod.doMethodInvoke(MetaMethod.java:323)
at groovy.lang.MetaClassImpl.invokeMethod(MetaClassImpl.java:1262)
at org.codehaus.groovy.runtime.ScriptBytecodeAdapter.invokeMethodOnSuperN(ScriptBytecodeAdapter.java:144)
at io.restassured.internal.ValidatableResponseImpl.body(ValidatableResponseImpl.groovy:298)
at io.restassured.internal.ValidatableResponseImpl.body(ValidatableResponseImpl.groovy)
at tests.book.GetBookTest.assertPaperbackOffersMediaType(GetBookTest.java:202)
at java.base/java.util.ArrayList.forEach(ArrayList.java:1380)
... Removed 50 stack frames]]>
    </failure>
  </testcase> <!-- assertPaperbackOffersMediaType -->
  <testcase classname="tests.book.GetBookTest" name="assertPaperbackOffersPrices" time="3.053">
    <failure type="java.lang.AssertionError" message="1 expectation failed.
JSON path paperbackOffers.price doesn&amp;apos;t match.
Expected: (a collection containing &amp;lt;12.99F&amp;gt; and a collection containing &amp;lt;14.98F&amp;gt; and a collection containing &amp;lt;16.99F&amp;gt;)
  Actual: []
">
      <![CDATA[java.lang.AssertionError: 1 expectation failed.
JSON path paperbackOffers.price doesn't match.
Expected: (a collection containing <12.99F> and a collection containing <14.98F> and a collection containing <16.99F>)
  Actual: []

at org.codehaus.groovy.runtime.callsite.ConstructorSite$ConstructorSiteNoUnwrap.callConstructor(ConstructorSite.java:84)
at org.codehaus.groovy.runtime.callsite.AbstractCallSite.callConstructor(AbstractCallSite.java:277)
at io.restassured.internal.ResponseSpecificationImpl$HamcrestAssertionClosure.validate(ResponseSpecificationImpl.groovy:493)
at io.restassured.internal.ResponseSpecificationImpl$HamcrestAssertionClosure$validate$1.call(Unknown Source)
at io.restassured.internal.ResponseSpecificationImpl.validateResponseIfRequired(ResponseSpecificationImpl.groovy:674)
at org.codehaus.groovy.runtime.callsite.PlainObjectMetaMethodSite.doInvoke(PlainObjectMetaMethodSite.java:43)
at org.codehaus.groovy.runtime.callsite.PogoMetaMethodSite$PogoCachedMethodSiteNoUnwrapNoCoerce.invoke(PogoMetaMethodSite.java:193)
at org.codehaus.groovy.runtime.callsite.PogoMetaMethodSite.callCurrent(PogoMetaMethodSite.java:61)
at org.codehaus.groovy.runtime.callsite.AbstractCallSite.callCurrent(AbstractCallSite.java:185)
at io.restassured.internal.ResponseSpecificationImpl.body(ResponseSpecificationImpl.groovy:261)
at io.restassured.specification.ResponseSpecification$body$1.callCurrent(Unknown Source)
at io.restassured.internal.ResponseSpecificationImpl.body(ResponseSpecificationImpl.groovy:108)
at io.restassured.internal.ValidatableResponseOptionsImpl.body(ValidatableResponseOptionsImpl.java:244)
at io.restassured.internal.ValidatableResponseImpl.super$2$body(ValidatableResponseImpl.groovy)
at groovy.lang.MetaMethod.doMethodInvoke(MetaMethod.java:323)
at groovy.lang.MetaClassImpl.invokeMethod(MetaClassImpl.java:1262)
at org.codehaus.groovy.runtime.ScriptBytecodeAdapter.invokeMethodOnSuperN(ScriptBytecodeAdapter.java:144)
at io.restassured.internal.ValidatableResponseImpl.body(ValidatableResponseImpl.groovy:298)
at io.restassured.internal.ValidatableResponseImpl.body(ValidatableResponseImpl.groovy)
at tests.book.GetBookTest.assertPaperbackOffersPrices(GetBookTest.java:176)
at java.base/java.util.ArrayList.forEach(ArrayList.java:1380)
... Removed 50 stack frames]]>
    </failure>
  </testcase> <!-- assertPaperbackOffersPrices -->
  <testcase classname="tests.book.GetBookTest" name="assertPaperbackOffersVendor" time="3.07">
    <failure type="java.lang.AssertionError" message="1 expectation failed.
JSON path paperbackOffers.vendor doesn&amp;apos;t match.
Expected: (a collection containing &amp;quot;Buchladen123.de&amp;quot; and a collection containing &amp;quot;Buchverkauf 24&amp;quot; and a collection containing &amp;quot;Your favorite book vendor&amp;quot;)
  Actual: []
">
      <![CDATA[java.lang.AssertionError: 1 expectation failed.
JSON path paperbackOffers.vendor doesn't match.
Expected: (a collection containing "Buchladen123.de" and a collection containing "Buchverkauf 24" and a collection containing "Your favorite book vendor")
  Actual: []

at org.codehaus.groovy.runtime.callsite.ConstructorSite$ConstructorSiteNoUnwrap.callConstructor(ConstructorSite.java:84)
at org.codehaus.groovy.runtime.callsite.AbstractCallSite.callConstructor(AbstractCallSite.java:277)
at io.restassured.internal.ResponseSpecificationImpl$HamcrestAssertionClosure.validate(ResponseSpecificationImpl.groovy:493)
at io.restassured.internal.ResponseSpecificationImpl$HamcrestAssertionClosure$validate$1.call(Unknown Source)
at io.restassured.internal.ResponseSpecificationImpl.validateResponseIfRequired(ResponseSpecificationImpl.groovy:674)
at org.codehaus.groovy.runtime.callsite.PlainObjectMetaMethodSite.doInvoke(PlainObjectMetaMethodSite.java:43)
at org.codehaus.groovy.runtime.callsite.PogoMetaMethodSite$PogoCachedMethodSiteNoUnwrapNoCoerce.invoke(PogoMetaMethodSite.java:193)
at org.codehaus.groovy.runtime.callsite.PogoMetaMethodSite.callCurrent(PogoMetaMethodSite.java:61)
at org.codehaus.groovy.runtime.callsite.AbstractCallSite.callCurrent(AbstractCallSite.java:185)
at io.restassured.internal.ResponseSpecificationImpl.body(ResponseSpecificationImpl.groovy:261)
at io.restassured.specification.ResponseSpecification$body$1.callCurrent(Unknown Source)
at io.restassured.internal.ResponseSpecificationImpl.body(ResponseSpecificationImpl.groovy:108)
at io.restassured.internal.ValidatableResponseOptionsImpl.body(ValidatableResponseOptionsImpl.java:244)
at io.restassured.internal.ValidatableResponseImpl.super$2$body(ValidatableResponseImpl.groovy)
at groovy.lang.MetaMethod.doMethodInvoke(MetaMethod.java:323)
at groovy.lang.MetaClassImpl.invokeMethod(MetaClassImpl.java:1262)
at org.codehaus.groovy.runtime.ScriptBytecodeAdapter.invokeMethodOnSuperN(ScriptBytecodeAdapter.java:144)
at io.restassured.internal.ValidatableResponseImpl.body(ValidatableResponseImpl.groovy:298)
at io.restassured.internal.ValidatableResponseImpl.body(ValidatableResponseImpl.groovy)
at tests.book.GetBookTest.assertPaperbackOffersVendor(GetBookTest.java:184)
at java.base/java.util.ArrayList.forEach(ArrayList.java:1380)
... Removed 50 stack frames]]>
    </failure>
  </testcase> <!-- assertPaperbackOffersVendor -->
  <testcase classname="tests.book.GetBookTest" name="assertPublisher" time="3.068"/>
  <testcase classname="tests.book.GetBookTest" name="assertPublishingYear" time="3.046"/>
  <testcase classname="tests.book.GetBookTest" name="assertSchema" time="3.056"/>
  <testcase classname="tests.book.GetBookTest" name="assertStatusCode" time="3.053"/>
  <testcase classname="tests.book.GetBookTest" name="assertTitle" time="3.069"/>
  <testcase classname="tests.book.GetBookTest" name="assertTotalVotes" time="3.06"/>
  <testcase classname="tests.book.GetBookTest" name="assertebookOffersMediaType" time="3.069">
    <failure type="java.lang.AssertionError" message="1 expectation failed.
JSON path ebookOffers.mediaType doesn&amp;apos;t match.
Expected: (a collection containing &amp;quot;EBOOK&amp;quot; and a collection containing &amp;quot;EBOOK&amp;quot; and a collection containing &amp;quot;EBOOK&amp;quot;)
  Actual: []
">
      <![CDATA[java.lang.AssertionError: 1 expectation failed.
JSON path ebookOffers.mediaType doesn't match.
Expected: (a collection containing "EBOOK" and a collection containing "EBOOK" and a collection containing "EBOOK")
  Actual: []

at org.codehaus.groovy.runtime.callsite.ConstructorSite$ConstructorSiteNoUnwrap.callConstructor(ConstructorSite.java:84)
at org.codehaus.groovy.runtime.callsite.AbstractCallSite.callConstructor(AbstractCallSite.java:277)
at io.restassured.internal.ResponseSpecificationImpl$HamcrestAssertionClosure.validate(ResponseSpecificationImpl.groovy:493)
at io.restassured.internal.ResponseSpecificationImpl$HamcrestAssertionClosure$validate$1.call(Unknown Source)
at io.restassured.internal.ResponseSpecificationImpl.validateResponseIfRequired(ResponseSpecificationImpl.groovy:674)
at org.codehaus.groovy.runtime.callsite.PlainObjectMetaMethodSite.doInvoke(PlainObjectMetaMethodSite.java:43)
at org.codehaus.groovy.runtime.callsite.PogoMetaMethodSite$PogoCachedMethodSiteNoUnwrapNoCoerce.invoke(PogoMetaMethodSite.java:193)
at org.codehaus.groovy.runtime.callsite.PogoMetaMethodSite.callCurrent(PogoMetaMethodSite.java:61)
at org.codehaus.groovy.runtime.callsite.AbstractCallSite.callCurrent(AbstractCallSite.java:185)
at io.restassured.internal.ResponseSpecificationImpl.body(ResponseSpecificationImpl.groovy:261)
at io.restassured.specification.ResponseSpecification$body$1.callCurrent(Unknown Source)
at org.codehaus.groovy.runtime.callsite.CallSiteArray.defaultCallCurrent(CallSiteArray.java:51)
at io.restassured.specification.ResponseSpecification$body$1.callCurrent(Unknown Source)
at io.restassured.internal.ResponseSpecificationImpl.body(ResponseSpecificationImpl.groovy:108)
at io.restassured.internal.ValidatableResponseOptionsImpl.body(ValidatableResponseOptionsImpl.java:244)
at io.restassured.internal.ValidatableResponseImpl.super$2$body(ValidatableResponseImpl.groovy)
at groovy.lang.MetaMethod.doMethodInvoke(MetaMethod.java:323)
at groovy.lang.MetaClassImpl.invokeMethod(MetaClassImpl.java:1262)
at org.codehaus.groovy.runtime.ScriptBytecodeAdapter.invokeMethodOnSuperN(ScriptBytecodeAdapter.java:144)
at io.restassured.internal.ValidatableResponseImpl.body(ValidatableResponseImpl.groovy:298)
at io.restassured.internal.ValidatableResponseImpl.body(ValidatableResponseImpl.groovy)
at tests.book.GetBookTest.assertebookOffersMediaType(GetBookTest.java:236)
at java.base/java.util.ArrayList.forEach(ArrayList.java:1380)
... Removed 50 stack frames]]>
    </failure>
  </testcase> <!-- assertebookOffersMediaType -->
  <testcase classname="tests.rating.CreateRatingTest" name="CreatedRating" time="0.058"/>
  <testcase classname="tests.rating.CreateRatingTest" name="CreatedRatingHasAuthor" time="0.058"/>
  <testcase classname="tests.rating.CreateRatingTest" name="CreatedRatingHasContent" time="0.058"/>
  <testcase classname="tests.rating.CreateRatingTest" name="CreatedRatingHasScore" time="0.056"/>
  <testcase classname="tests.rating.CreateRatingTest" name="CreatedRatingHasTitle" time="0.063"/>
  <testcase classname="tests.rating.CreateRatingTest" name="CreatedRatingHasUserId" time="0.064"/>
  <testcase classname="tests.rating.CreateRatingTest" name="assertEmailHighRatingNoComment" time="6.025"/>
  <testcase classname="tests.rating.CreateRatingTest" name="assertEmailLowRatingNoComment" time="4.297"/>
  <testcase classname="tests.rating.CreateRatingTest" name="assertStatusCode" time="0.041"/>
  <testcase classname="tests.rating.DeleteRatingTest" name="assertDeleteAsAdmin" time="0.055"/>
  <testcase classname="tests.rating.DeleteRatingTest" name="assertDeleteAsModerator" time="0.076"/>
  <testcase classname="tests.rating.DeleteRatingTest" name="assertDeleteAsUser" time="0.084"/>
  <testcase classname="tests.rating.DeleteRatingTest" name="assertStatusCode" time="0.049"/>
  <testcase classname="tests.rating.GetRatingsTest" name="assertLengthOfList" time="0.018"/>
  <testcase classname="tests.rating.GetRatingsTest" name="assertSchema" time="0.036"/>
  <testcase classname="tests.rating.GetRatingsTest" name="assertStatusCode" time="0.01"/>
  <testcase classname="tests.rating.GetRatingsWithContentTest" name="assertLengthOfList" time="0.014"/>
  <testcase classname="tests.rating.GetRatingsWithContentTest" name="assertSchema" time="0.02"/>
  <testcase classname="tests.rating.GetRatingsWithContentTest" name="assertStatusCode" time="0.01"/>
  <testcase classname="tests.user.LoginTest" name="assertData" time="0.013"/>
  <testcase classname="tests.user.LoginTest" name="assertStatusCode" time="0.01"/>
  <testcase classname="tests.user.RegisterTest" name="assertStatusCode" time="0.026"/>
</testsuite> <!-- Command line test -->
